<?xml version="1.0" encoding="UTF-8"?>
<testng-results ignored="0" total="1" passed="1" failed="0" skipped="0">
  <reporter-output>
  </reporter-output>
  <suite started-at="2024-06-06T08:22:57 IST" name="Default suite" finished-at="2024-06-06T08:23:31 IST" duration-ms="34777">
    <groups>
    </groups>
    <test started-at="2024-06-06T08:22:57 IST" name="Default test" finished-at="2024-06-06T08:23:31 IST" duration-ms="34777">
      <class name="ExtentReport.AttachScreenshot">
        <test-method signature="screenshot()[pri:0, instance:ExtentReport.AttachScreenshot@45099dd3]" started-at="2024-06-06T08:22:57 IST" name="screenshot" finished-at="2024-06-06T08:23:31 IST" duration-ms="34722" status="PASS">
          <reporter-output>
          </reporter-output>
        </test-method> <!-- screenshot -->
      </class> <!-- ExtentReport.AttachScreenshot -->
    </test> <!-- Default test -->
  </suite> <!-- Default suite -->
</testng-results>
